<?xml version="1.0" encoding="UTF-8"?>
<testng-results skipped="0" failed="0" ignored="0" total="1" passed="1">
  <reporter-output>
  </reporter-output>
  <suite name="Default suite" duration-ms="534" started-at="2020-05-29T15:06:50Z" finished-at="2020-05-29T15:06:51Z">
    <groups>
    </groups>
    <test name="Default test" duration-ms="534" started-at="2020-05-29T15:06:50Z" finished-at="2020-05-29T15:06:51Z">
      <class name="WDM.WebDriverManagerDemo.WebDriverManagerDemo">
        <test-method status="PASS" signature="launch()[pri:0, instance:WDM.WebDriverManagerDemo.WebDriverManagerDemo@523884b2]" name="launch" duration-ms="512" started-at="2020-05-29T15:06:50Z" finished-at="2020-05-29T15:06:51Z">
          <reporter-output>
          </reporter-output>
        </test-method> <!-- launch -->
      </class> <!-- WDM.WebDriverManagerDemo.WebDriverManagerDemo -->
    </test> <!-- Default test -->
  </suite> <!-- Default suite -->
</testng-results>
